<?xml version="1.0" encoding="UTF-8"?>
<!-- Generated by org.testng.reporters.JUnitXMLReporter -->
<testsuite ignored="0" hostname="DESKTOP-EKPD0AC" failures="0" tests="2" name="chromeTesting" time="65.302" errors="0" timestamp="2025-10-21T08:10:02 IST">
  <testcase classname="package1.Project1.TC1_LoginToAmazon" name="withValidCred" time="10.165">
    <skipped/>
  </testcase> <!-- withValidCred -->
  <testcase classname="package1.Project1.TC1_LoginToAmazon" name="withValidCred" time="14.471"/>
</testsuite> <!-- chromeTesting -->
