<?xml version="1.0" encoding="UTF-8"?>
<!-- Generated by org.testng.reporters.JUnitXMLReporter -->
<testsuite ignored="0" hostname="DESKTOP-EKPD0AC" failures="0" tests="3" name="IntegrationTest" time="94.865" errors="0" timestamp="2025-10-16T00:14:50 IST">
  <testcase classname="package1.Project1.TC1_LoginToAmazon" name="withValidCred" time="10.039"/>
  <testcase classname="package1.Project1.TC3_LoginToAmazonSearchingLogout" name="withValidCred" time="29.292"/>
  <testcase classname="package1.Project1.TC2_LoginToAmzonAndLogout" name="withValidCred" time="13.949"/>
</testsuite> <!-- IntegrationTest -->
