<?xml version="1.0" encoding="UTF-8"?>
<testng-results ignored="0" total="1" passed="1" failed="0" skipped="0">
  <reporter-output>
    <line>
      <![CDATA[Chrome browser is launched]]>
    </line>
    <line>
      <![CDATA[Amazon website is launched]]>
    </line>
    <line>
      <![CDATA[Login is success]]>
    </line>
    <line>
      <![CDATA[TC pass and Listener logic started]]>
    </line>
    <line>
      <![CDATA[Screenshot complete on Success]]>
    </line>
  </reporter-output>
  <suite started-at="2025-10-20T07:25:25 IST" name="IntegrationSuite" finished-at="2025-10-20T07:26:24 IST" duration-ms="59152">
    <groups>
    </groups>
    <test started-at="2025-10-20T07:25:25 IST" name="chromeTesting" finished-at="2025-10-20T07:26:24 IST" duration-ms="59152">
      <class name="package1.Project1.TC1_LoginToAmazon">
        <test-method is-config="true" signature="launch(java.lang.String)[pri:0, instance:package1.Project1.TC1_LoginToAmazon@5e0e82ae]" started-at="2025-10-20T07:25:25 IST" name="launch" finished-at="2025-10-20T07:25:45 IST" duration-ms="19450" status="PASS">
          <params>
            <param index="0">
              <value>
                <![CDATA[chrome]]>
              </value>
            </param>
          </params>
          <reporter-output>
            <line>
              <![CDATA[Chrome browser is launched]]>
            </line>
            <line>
              <![CDATA[Amazon website is launched]]>
            </line>
          </reporter-output>
        </test-method> <!-- launch -->
        <test-method signature="withValidCred()[pri:0, instance:package1.Project1.TC1_LoginToAmazon@5e0e82ae]" started-at="2025-10-20T07:25:45 IST" name="withValidCred" finished-at="2025-10-20T07:26:10 IST" duration-ms="25467" status="PASS">
          <reporter-output>
            <line>
              <![CDATA[Login is success]]>
            </line>
            <line>
              <![CDATA[TC pass and Listener logic started]]>
            </line>
            <line>
              <![CDATA[Screenshot complete on Success]]>
            </line>
          </reporter-output>
        </test-method> <!-- withValidCred -->
        <test-method is-config="true" signature="quit()[pri:0, instance:package1.Project1.TC1_LoginToAmazon@5e0e82ae]" started-at="2025-10-20T07:26:16 IST" name="quit" finished-at="2025-10-20T07:26:24 IST" duration-ms="8168" status="PASS">
          <reporter-output>
          </reporter-output>
        </test-method> <!-- quit -->
      </class> <!-- package1.Project1.TC1_LoginToAmazon -->
    </test> <!-- chromeTesting -->
  </suite> <!-- IntegrationSuite -->
</testng-results>
